# JRE version: OpenJDK Runtime Environment AdoptOpenJDK (11.0.9.1+1) (build 11.0.9.1+1)
# Java VM: OpenJDK 64-Bit Server VM AdoptOpenJDK (11.0.9.1+1, mixed mode, tiered, compressed oops, g1 gc, windows-amd64)
Heap:
 garbage-first heap   total 131072K, used 29322K [0x0000000081e00000, 0x0000000100000000)
  region size 1024K, 14 young (14336K), 6 survivors (6144K)
 Metaspace       used 60884K, capacity 62353K, committed 62584K, reserved 1103872K
  class space    used 7651K, capacity 8253K, committed 8312K, reserved 1048576K
GC Heap History (20 events):
Event: 4.367 GC heap before
{Heap before GC invocations=5 (full 0):
 garbage-first heap   total 131072K, used 66679K [0x0000000081e00000, 0x0000000100000000)
  region size 1024K, 60 young (61440K), 4 survivors (4096K)
 Metaspace       used 24773K, capacity 25379K, committed 25600K, reserved 1071104K
  class space    used 2824K, capacity 3035K, committed 3072K, reserved 1048576K
}
Event: 4.372 GC heap after
{Heap after GC invocations=6 (full 0):
 garbage-first heap   total 131072K, used 10603K [0x0000000081e00000, 0x0000000100000000)
  region size 1024K, 5 young (5120K), 5 survivors (5120K)
 Metaspace       used 24773K, capacity 25379K, committed 25600K, reserved 1071104K
  class space    used 2824K, capacity 3035K, committed 3072K, reserved 1048576K
}
Event: 4.594 GC heap before
{Heap before GC invocations=6 (full 0):
 garbage-first heap   total 131072K, used 82283K [0x0000000081e00000, 0x0000000100000000)
  region size 1024K, 76 young (77824K), 5 survivors (5120K)
 Metaspace       used 27849K, capacity 28521K, committed 28800K, reserved 1075200K
  class space    used 3140K, capacity 3402K, committed 3456K, reserved 1048576K
}
Event: 4.600 GC heap after
{Heap after GC invocations=7 (full 0):
 garbage-first heap   total 131072K, used 11399K [0x0000000081e00000, 0x0000000100000000)
  region size 1024K, 6 young (6144K), 6 survivors (6144K)
 Metaspace       used 27849K, capacity 28521K, committed 28800K, reserved 1075200K
  class space    used 3140K, capacity 3402K, committed 3456K, reserved 1048576K
}
Event: 5.830 GC heap before
{Heap before GC invocations=7 (full 0):
 garbage-first heap   total 131072K, used 82055K [0x0000000081e00000, 0x0000000100000000)
  region size 1024K, 76 young (77824K), 6 survivors (6144K)
 Metaspace       used 32252K, capacity 32993K, committed 33152K, reserved 1079296K
  class space    used 3660K, capacity 3949K, committed 3968K, reserved 1048576K
}
Event: 5.835 GC heap after
{Heap after GC invocations=8 (full 0):
 garbage-first heap   total 131072K, used 12700K [0x0000000081e00000, 0x0000000100000000)
  region size 1024K, 7 young (7168K), 7 survivors (7168K)
 Metaspace       used 32252K, capacity 32993K, committed 33152K, reserved 1079296K
  class space    used 3660K, capacity 3949K, committed 3968K, reserved 1048576K
}
Event: 6.999 GC heap before
{Heap before GC invocations=8 (full 0):
 garbage-first heap   total 131072K, used 52636K [0x0000000081e00000, 0x0000000100000000)
  region size 1024K, 47 young (48128K), 7 survivors (7168K)
 Metaspace       used 34673K, capacity 35545K, committed 35584K, reserved 1081344K
  class space    used 4002K, capacity 4323K, committed 4352K, reserved 1048576K
}
Event: 7.009 GC heap after
{Heap after GC invocations=9 (full 0):
 garbage-first heap   total 131072K, used 13645K [0x0000000081e00000, 0x0000000100000000)
  region size 1024K, 6 young (6144K), 6 survivors (6144K)
 Metaspace       used 34673K, capacity 35545K, committed 35584K, reserved 1081344K
  class space    used 4002K, capacity 4323K, committed 4352K, reserved 1048576K
}
Event: 9.441 GC heap before
{Heap before GC invocations=10 (full 0):
 garbage-first heap   total 131072K, used 84301K [0x0000000081e00000, 0x0000000100000000)
  region size 1024K, 76 young (77824K), 6 survivors (6144K)
 Metaspace       used 39971K, capacity 41133K, committed 41336K, reserved 1085440K
  class space    used 4697K, capacity 5131K, committed 5240K, reserved 1048576K
}
Event: 9.450 GC heap after
{Heap after GC invocations=11 (full 0):
 garbage-first heap   total 131072K, used 16299K [0x0000000081e00000, 0x0000000100000000)
  region size 1024K, 7 young (7168K), 7 survivors (7168K)
 Metaspace       used 39971K, capacity 41133K, committed 41336K, reserved 1085440K
  class space    used 4697K, capacity 5131K, committed 5240K, reserved 1048576K
}
Event: 9.938 GC heap before
{Heap before GC invocations=11 (full 0):
 garbage-first heap   total 131072K, used 85931K [0x0000000081e00000, 0x0000000100000000)
  region size 1024K, 76 young (77824K), 7 survivors (7168K)
 Metaspace       used 40565K, capacity 41701K, committed 41848K, reserved 1085440K
  class space    used 4751K, capacity 5171K, committed 5240K, reserved 1048576K
}
Event: 9.943 GC heap after
{Heap after GC invocations=12 (full 0):
 garbage-first heap   total 131072K, used 17075K [0x0000000081e00000, 0x0000000100000000)
  region size 1024K, 6 young (6144K), 6 survivors (6144K)
 Metaspace       used 40565K, capacity 41701K, committed 41848K, reserved 1085440K
  class space    used 4751K, capacity 5171K, committed 5240K, reserved 1048576K
}
Event: 11.881 GC heap before
{Heap before GC invocations=12 (full 0):
 garbage-first heap   total 131072K, used 87731K [0x0000000081e00000, 0x0000000100000000)
  region size 1024K, 76 young (77824K), 6 survivors (6144K)
 Metaspace       used 45843K, capacity 47091K, committed 47352K, reserved 1091584K
  class space    used 5582K, capacity 6072K, committed 6136K, reserved 1048576K
}
Event: 11.887 GC heap after
{Heap after GC invocations=13 (full 0):
 garbage-first heap   total 131072K, used 17908K [0x0000000081e00000, 0x0000000100000000)
  region size 1024K, 6 young (6144K), 6 survivors (6144K)
 Metaspace       used 45843K, capacity 47091K, committed 47352K, reserved 1091584K
  class space    used 5582K, capacity 6072K, committed 6136K, reserved 1048576K
}
Event: 13.523 GC heap before
{Heap before GC invocations=13 (full 0):
 garbage-first heap   total 131072K, used 89588K [0x0000000081e00000, 0x0000000100000000)
  region size 1024K, 76 young (77824K), 6 survivors (6144K)
 Metaspace       used 52014K, capacity 53329K, committed 53624K, reserved 1095680K
  class space    used 6425K, capacity 6936K, committed 7032K, reserved 1048576K
}
Event: 13.529 GC heap after
{Heap after GC invocations=14 (full 0):
 garbage-first heap   total 131072K, used 18910K [0x0000000081e00000, 0x0000000100000000)
  region size 1024K, 7 young (7168K), 7 survivors (7168K)
 Metaspace       used 52014K, capacity 53329K, committed 53624K, reserved 1095680K
  class space    used 6425K, capacity 6936K, committed 7032K, reserved 1048576K
}
Event: 15.313 GC heap before
{Heap before GC invocations=14 (full 0):
 garbage-first heap   total 131072K, used 89566K [0x0000000081e00000, 0x0000000100000000)
  region size 1024K, 76 young (77824K), 7 survivors (7168K)
 Metaspace       used 58484K, capacity 59834K, committed 59896K, reserved 1101824K
  class space    used 7322K, capacity 7868K, committed 7928K, reserved 1048576K
}
Event: 15.322 GC heap after
{Heap after GC invocations=15 (full 0):
 garbage-first heap   total 131072K, used 20522K [0x0000000081e00000, 0x0000000100000000)
  region size 1024K, 7 young (7168K), 7 survivors (7168K)
 Metaspace       used 58484K, capacity 59834K, committed 59896K, reserved 1101824K
  class space    used 7322K, capacity 7868K, committed 7928K, reserved 1048576K
}
Event: 15.476 GC heap before
{Heap before GC invocations=15 (full 0):
 garbage-first heap   total 131072K, used 22570K [0x0000000081e00000, 0x0000000100000000)
  region size 1024K, 10 young (10240K), 7 survivors (7168K)
 Metaspace       used 58554K, capacity 59872K, committed 59936K, reserved 1101824K
  class space    used 7335K, capacity 7902K, committed 7928K, reserved 1048576K
}
Event: 15.488 GC heap after
{Heap after GC invocations=16 (full 0):
 garbage-first heap   total 131072K, used 21055K [0x0000000081e00000, 0x0000000100000000)
  region size 1024K, 5 young (5120K), 5 survivors (5120K)
 Metaspace       used 58554K, capacity 59872K, committed 59936K, reserved 1101824K
  class space    used 7335K, capacity 7902K, committed 7928K, reserved 1048576K
}

